1694445481957	geckodriver	INFO	Listening on 127.0.0.1:50433
1694445485050	mozrunner::runner	INFO	Running command: "C:\\Program Files\\Mozilla Firefox\\firefox.exe" "--marionette" "--remote-debugging-port" "50434" "--remote-allow-hosts" "localhost" "-no-remote" "-profile" "C:\\Users\\New\\AppData\\Local\\Temp\\rust_mozprofilezjOnSE"
console.warn: services.settings: Ignoring preference override of remote settings server
console.warn: services.settings: Allow by setting MOZ_REMOTE_SETTINGS_DEVTOOLS=1 in the environment
1694445485552	Marionette	INFO	Marionette enabled
Dynamically enable window occlusion 0
1694445485666	Marionette	INFO	Listening on port 50441
WebDriver BiDi listening on ws://127.0.0.1:50434
Read port: 50441
1694445486136	RemoteAgent	WARN	TLS certificate errors will be ignored for this session
DevTools listening on ws://127.0.0.1:50434/devtools/browser/e52050ee-a6c3-4068-a286-d8393c3c878f
JavaScript error: https://tracking.novaposhta.ua/js/app.38586740.js, line 1: SyntaxError: JSON.parse: unexpected end of data at line 1 column 1 of the JSON data
console.warn: LoginRecipes: "Falling back to a synchronous message for: https://tracking.novaposhta.ua."
1694445628358	geckodriver	INFO	Listening on 127.0.0.1:50547
1694445631426	mozrunner::runner	INFO	Running command: "C:\\Program Files\\Mozilla Firefox\\firefox.exe" "--marionette" "--remote-debugging-port" "50548" "--remote-allow-hosts" "localhost" "-no-remote" "-profile" "C:\\Users\\New\\AppData\\Local\\Temp\\rust_mozprofileCYHrLG"
console.warn: services.settings: Ignoring preference override of remote settings server
console.warn: services.settings: Allow by setting MOZ_REMOTE_SETTINGS_DEVTOOLS=1 in the environment
1694445631952	Marionette	INFO	Marionette enabled
Dynamically enable window occlusion 0
1694445632080	Marionette	INFO	Listening on port 50556
WebDriver BiDi listening on ws://127.0.0.1:50548
Read port: 50556
1694445632424	RemoteAgent	WARN	TLS certificate errors will be ignored for this session
DevTools listening on ws://127.0.0.1:50548/devtools/browser/554ecdf7-ded9-49e7-b79c-91cbcc629a65
JavaScript error: https://tracking.novaposhta.ua/js/app.38586740.js, line 1: SyntaxError: JSON.parse: unexpected end of data at line 1 column 1 of the JSON data
console.warn: LoginRecipes: "Falling back to a synchronous message for: https://tracking.novaposhta.ua."
1694445646925	Marionette	INFO	Stopped listening on port 50556
JavaScript warning: https://tracking.novaposhta.ua/js/chunk-vendors.f880bc24.js, line 417: Script terminated by timeout at:
r@https://tracking.novaposhta.ua/js/chunk-vendors.f880bc24.js:417:32435

Dynamically enable window occlusion 1
